ERROR - 2022-06-20 16:27:28 --> You have an error in your SQL syntax; check the manual that corresponds to your MariaDB server version for the right syntax to use near 'tb_categoria.nombre as Catego, tb_cliente.nombre as nombrecliente FROM tb_caj...' at line 1
CRITICAL - 2022-06-20 16:27:28 --> You have an error in your SQL syntax; check the manual that corresponds to your MariaDB server version for the right syntax to use near 'tb_categoria.nombre as Catego, tb_cliente.nombre as nombrecliente FROM tb_caj...' at line 1
#0 C:\xampp\htdocs\web\vendor\codeigniter4\framework\system\Database\MySQLi\Connection.php(292): mysqli->query('SELECT * tb_cat...', 0)
#1 C:\xampp\htdocs\web\vendor\codeigniter4\framework\system\Database\BaseConnection.php(670): CodeIgniter\Database\MySQLi\Connection->execute('SELECT * tb_cat...')
#2 C:\xampp\htdocs\web\vendor\codeigniter4\framework\system\Database\BaseConnection.php(598): CodeIgniter\Database\BaseConnection->simpleQuery('SELECT * tb_cat...')
#3 C:\xampp\htdocs\web\app\Models\CajaModel.php(13): CodeIgniter\Database\BaseConnection->query('SELECT * tb_cat...')
#4 C:\xampp\htdocs\web\app\Controllers\CajaController.php(75): App\Models\CajaModel->kardex()
#5 C:\xampp\htdocs\web\vendor\codeigniter4\framework\system\CodeIgniter.php(825): App\Controllers\CajaController->kardex()
#6 C:\xampp\htdocs\web\vendor\codeigniter4\framework\system\CodeIgniter.php(412): CodeIgniter\CodeIgniter->runController(Object(App\Controllers\CajaController))
#7 C:\xampp\htdocs\web\vendor\codeigniter4\framework\system\CodeIgniter.php(320): CodeIgniter\CodeIgniter->handleRequest(NULL, Object(Config\Cache), false)
#8 C:\xampp\htdocs\web\index.php(37): CodeIgniter\CodeIgniter->run()
#9 {main}
ERROR - 2022-06-20 16:27:52 --> You have an error in your SQL syntax; check the manual that corresponds to your MariaDB server version for the right syntax to use near 'tb_categoria.nombre as Catego, tb_cliente.nombre as nombrecliente FROM tb_caj...' at line 1
CRITICAL - 2022-06-20 16:27:52 --> You have an error in your SQL syntax; check the manual that corresponds to your MariaDB server version for the right syntax to use near 'tb_categoria.nombre as Catego, tb_cliente.nombre as nombrecliente FROM tb_caj...' at line 1
#0 C:\xampp\htdocs\web\vendor\codeigniter4\framework\system\Database\MySQLi\Connection.php(292): mysqli->query('SELECT * tb_cat...', 0)
#1 C:\xampp\htdocs\web\vendor\codeigniter4\framework\system\Database\BaseConnection.php(670): CodeIgniter\Database\MySQLi\Connection->execute('SELECT * tb_cat...')
#2 C:\xampp\htdocs\web\vendor\codeigniter4\framework\system\Database\BaseConnection.php(598): CodeIgniter\Database\BaseConnection->simpleQuery('SELECT * tb_cat...')
#3 C:\xampp\htdocs\web\app\Models\CajaModel.php(13): CodeIgniter\Database\BaseConnection->query('SELECT * tb_cat...')
#4 C:\xampp\htdocs\web\app\Controllers\CajaController.php(75): App\Models\CajaModel->kardex()
#5 C:\xampp\htdocs\web\vendor\codeigniter4\framework\system\CodeIgniter.php(825): App\Controllers\CajaController->kardex()
#6 C:\xampp\htdocs\web\vendor\codeigniter4\framework\system\CodeIgniter.php(412): CodeIgniter\CodeIgniter->runController(Object(App\Controllers\CajaController))
#7 C:\xampp\htdocs\web\vendor\codeigniter4\framework\system\CodeIgniter.php(320): CodeIgniter\CodeIgniter->handleRequest(NULL, Object(Config\Cache), false)
#8 C:\xampp\htdocs\web\index.php(37): CodeIgniter\CodeIgniter->run()
#9 {main}
ERROR - 2022-06-20 16:27:55 --> You have an error in your SQL syntax; check the manual that corresponds to your MariaDB server version for the right syntax to use near 'tb_categoria.nombre as Catego, tb_cliente.nombre as nombrecliente FROM tb_caj...' at line 1
CRITICAL - 2022-06-20 16:27:55 --> You have an error in your SQL syntax; check the manual that corresponds to your MariaDB server version for the right syntax to use near 'tb_categoria.nombre as Catego, tb_cliente.nombre as nombrecliente FROM tb_caj...' at line 1
#0 C:\xampp\htdocs\web\vendor\codeigniter4\framework\system\Database\MySQLi\Connection.php(292): mysqli->query('SELECT * tb_cat...', 0)
#1 C:\xampp\htdocs\web\vendor\codeigniter4\framework\system\Database\BaseConnection.php(670): CodeIgniter\Database\MySQLi\Connection->execute('SELECT * tb_cat...')
#2 C:\xampp\htdocs\web\vendor\codeigniter4\framework\system\Database\BaseConnection.php(598): CodeIgniter\Database\BaseConnection->simpleQuery('SELECT * tb_cat...')
#3 C:\xampp\htdocs\web\app\Models\CajaModel.php(13): CodeIgniter\Database\BaseConnection->query('SELECT * tb_cat...')
#4 C:\xampp\htdocs\web\app\Controllers\CajaController.php(75): App\Models\CajaModel->kardex()
#5 C:\xampp\htdocs\web\vendor\codeigniter4\framework\system\CodeIgniter.php(825): App\Controllers\CajaController->kardex()
#6 C:\xampp\htdocs\web\vendor\codeigniter4\framework\system\CodeIgniter.php(412): CodeIgniter\CodeIgniter->runController(Object(App\Controllers\CajaController))
#7 C:\xampp\htdocs\web\vendor\codeigniter4\framework\system\CodeIgniter.php(320): CodeIgniter\CodeIgniter->handleRequest(NULL, Object(Config\Cache), false)
#8 C:\xampp\htdocs\web\index.php(37): CodeIgniter\CodeIgniter->run()
#9 {main}
ERROR - 2022-06-20 16:28:00 --> You have an error in your SQL syntax; check the manual that corresponds to your MariaDB server version for the right syntax to use near 'tb_categoria.nombre as Catego, tb_cliente.nombre as nombrecliente FROM tb_caj...' at line 1
CRITICAL - 2022-06-20 16:28:00 --> You have an error in your SQL syntax; check the manual that corresponds to your MariaDB server version for the right syntax to use near 'tb_categoria.nombre as Catego, tb_cliente.nombre as nombrecliente FROM tb_caj...' at line 1
#0 C:\xampp\htdocs\web\vendor\codeigniter4\framework\system\Database\MySQLi\Connection.php(292): mysqli->query('SELECT * tb_cat...', 0)
#1 C:\xampp\htdocs\web\vendor\codeigniter4\framework\system\Database\BaseConnection.php(670): CodeIgniter\Database\MySQLi\Connection->execute('SELECT * tb_cat...')
#2 C:\xampp\htdocs\web\vendor\codeigniter4\framework\system\Database\BaseConnection.php(598): CodeIgniter\Database\BaseConnection->simpleQuery('SELECT * tb_cat...')
#3 C:\xampp\htdocs\web\app\Models\CajaModel.php(13): CodeIgniter\Database\BaseConnection->query('SELECT * tb_cat...')
#4 C:\xampp\htdocs\web\app\Controllers\CajaController.php(75): App\Models\CajaModel->kardex()
#5 C:\xampp\htdocs\web\vendor\codeigniter4\framework\system\CodeIgniter.php(825): App\Controllers\CajaController->kardex()
#6 C:\xampp\htdocs\web\vendor\codeigniter4\framework\system\CodeIgniter.php(412): CodeIgniter\CodeIgniter->runController(Object(App\Controllers\CajaController))
#7 C:\xampp\htdocs\web\vendor\codeigniter4\framework\system\CodeIgniter.php(320): CodeIgniter\CodeIgniter->handleRequest(NULL, Object(Config\Cache), false)
#8 C:\xampp\htdocs\web\index.php(37): CodeIgniter\CodeIgniter->run()
#9 {main}
