CRITICAL - 2022-04-27 16:33:36 --> foreach() argument must be of type array|object, null given
#0 C:\xampp\htdocs\web\app\Views\Layout\Dashboard.php(70): CodeIgniter\Debug\Exceptions->errorHandler(2, 'foreach() argum...', 'C:\\xampp\\htdocs...', 70)
#1 C:\xampp\htdocs\web\vendor\codeigniter4\framework\system\View\View.php(210): include('C:\\xampp\\htdocs...')
#2 C:\xampp\htdocs\web\vendor\codeigniter4\framework\system\View\View.php(213): CodeIgniter\View\View->CodeIgniter\View\{closure}()
#3 C:\xampp\htdocs\web\vendor\codeigniter4\framework\system\View\View.php(226): CodeIgniter\View\View->render('Layout/Dashboar...', Array, true)
#4 C:\xampp\htdocs\web\vendor\codeigniter4\framework\system\Common.php(1089): CodeIgniter\View\View->render('Caja/cajas', Array, true)
#5 C:\xampp\htdocs\web\app\Controllers\CajaController.php(57): view('Caja/cajas', Array)
#6 C:\xampp\htdocs\web\vendor\codeigniter4\framework\system\CodeIgniter.php(825): App\Controllers\CajaController->cajas('1')
#7 C:\xampp\htdocs\web\vendor\codeigniter4\framework\system\CodeIgniter.php(412): CodeIgniter\CodeIgniter->runController(Object(App\Controllers\CajaController))
#8 C:\xampp\htdocs\web\vendor\codeigniter4\framework\system\CodeIgniter.php(320): CodeIgniter\CodeIgniter->handleRequest(NULL, Object(Config\Cache), false)
#9 C:\xampp\htdocs\web\index.php(37): CodeIgniter\CodeIgniter->run()
#10 {main}
ERROR - 2022-04-27 16:45:31 --> Unknown column 'tables.html' in 'where clause'
CRITICAL - 2022-04-27 16:45:31 --> Unknown column 'tables.html' in 'where clause'
#0 C:\xampp\htdocs\web\vendor\codeigniter4\framework\system\Database\MySQLi\Connection.php(292): mysqli->query('select * from t...', 0)
#1 C:\xampp\htdocs\web\vendor\codeigniter4\framework\system\Database\BaseConnection.php(670): CodeIgniter\Database\MySQLi\Connection->execute('select * from t...')
#2 C:\xampp\htdocs\web\vendor\codeigniter4\framework\system\Database\BaseConnection.php(598): CodeIgniter\Database\BaseConnection->simpleQuery('select * from t...')
#3 C:\xampp\htdocs\web\app\Models\TempCajaModel.php(17): CodeIgniter\Database\BaseConnection->query('select * from t...')
#4 C:\xampp\htdocs\web\app\Controllers\CajaController.php(38): App\Models\TempCajaModel->resultado('tables.html')
#5 C:\xampp\htdocs\web\vendor\codeigniter4\framework\system\CodeIgniter.php(825): App\Controllers\CajaController->cajas('tables.html')
#6 C:\xampp\htdocs\web\vendor\codeigniter4\framework\system\CodeIgniter.php(412): CodeIgniter\CodeIgniter->runController(Object(App\Controllers\CajaController))
#7 C:\xampp\htdocs\web\vendor\codeigniter4\framework\system\CodeIgniter.php(320): CodeIgniter\CodeIgniter->handleRequest(NULL, Object(Config\Cache), false)
#8 C:\xampp\htdocs\web\index.php(37): CodeIgniter\CodeIgniter->run()
#9 {main}
ERROR - 2022-04-27 17:23:48 --> Unknown column 'index.html' in 'where clause'
CRITICAL - 2022-04-27 17:23:48 --> Unknown column 'index.html' in 'where clause'
#0 C:\xampp\htdocs\web\vendor\codeigniter4\framework\system\Database\MySQLi\Connection.php(292): mysqli->query('select * from t...', 0)
#1 C:\xampp\htdocs\web\vendor\codeigniter4\framework\system\Database\BaseConnection.php(670): CodeIgniter\Database\MySQLi\Connection->execute('select * from t...')
#2 C:\xampp\htdocs\web\vendor\codeigniter4\framework\system\Database\BaseConnection.php(598): CodeIgniter\Database\BaseConnection->simpleQuery('select * from t...')
#3 C:\xampp\htdocs\web\app\Models\TempCajaModel.php(17): CodeIgniter\Database\BaseConnection->query('select * from t...')
#4 C:\xampp\htdocs\web\app\Controllers\CajaController.php(15): App\Models\TempCajaModel->resultado('index.html')
#5 C:\xampp\htdocs\web\vendor\codeigniter4\framework\system\CodeIgniter.php(825): App\Controllers\CajaController->index('index.html')
#6 C:\xampp\htdocs\web\vendor\codeigniter4\framework\system\CodeIgniter.php(412): CodeIgniter\CodeIgniter->runController(Object(App\Controllers\CajaController))
#7 C:\xampp\htdocs\web\vendor\codeigniter4\framework\system\CodeIgniter.php(320): CodeIgniter\CodeIgniter->handleRequest(NULL, Object(Config\Cache), false)
#8 C:\xampp\htdocs\web\index.php(37): CodeIgniter\CodeIgniter->run()
#9 {main}
