CRITICAL - 2022-05-06 18:49:00 --> Undefined variable $subcaja
#0 C:\xampp\htdocs\web\app\Views\welcome_message.php(58): CodeIgniter\Debug\Exceptions->errorHandler(2, 'Undefined varia...', 'C:\\xampp\\htdocs...', 58)
#1 C:\xampp\htdocs\web\vendor\codeigniter4\framework\system\View\View.php(210): include('C:\\xampp\\htdocs...')
#2 C:\xampp\htdocs\web\vendor\codeigniter4\framework\system\View\View.php(213): CodeIgniter\View\View->CodeIgniter\View\{closure}()
#3 C:\xampp\htdocs\web\vendor\codeigniter4\framework\system\Common.php(1089): CodeIgniter\View\View->render('welcome_message', Array, true)
#4 C:\xampp\htdocs\web\app\Controllers\Home.php(24): view('welcome_message', Array)
#5 C:\xampp\htdocs\web\vendor\codeigniter4\framework\system\CodeIgniter.php(825): App\Controllers\Home->index()
#6 C:\xampp\htdocs\web\vendor\codeigniter4\framework\system\CodeIgniter.php(412): CodeIgniter\CodeIgniter->runController(Object(App\Controllers\Home))
#7 C:\xampp\htdocs\web\vendor\codeigniter4\framework\system\CodeIgniter.php(320): CodeIgniter\CodeIgniter->handleRequest(NULL, Object(Config\Cache), false)
#8 C:\xampp\htdocs\web\index.php(37): CodeIgniter\CodeIgniter->run()
#9 {main}
CRITICAL - 2022-05-06 18:51:45 --> Undefined property: stdClass::$comporbante
#0 C:\xampp\htdocs\web\app\Views\welcome_message.php(61): CodeIgniter\Debug\Exceptions->errorHandler(2, 'Undefined prope...', 'C:\\xampp\\htdocs...', 61)
#1 C:\xampp\htdocs\web\vendor\codeigniter4\framework\system\View\View.php(210): include('C:\\xampp\\htdocs...')
#2 C:\xampp\htdocs\web\vendor\codeigniter4\framework\system\View\View.php(213): CodeIgniter\View\View->CodeIgniter\View\{closure}()
#3 C:\xampp\htdocs\web\vendor\codeigniter4\framework\system\Common.php(1089): CodeIgniter\View\View->render('welcome_message', Array, true)
#4 C:\xampp\htdocs\web\app\Controllers\Home.php(24): view('welcome_message', Array)
#5 C:\xampp\htdocs\web\vendor\codeigniter4\framework\system\CodeIgniter.php(825): App\Controllers\Home->index()
#6 C:\xampp\htdocs\web\vendor\codeigniter4\framework\system\CodeIgniter.php(412): CodeIgniter\CodeIgniter->runController(Object(App\Controllers\Home))
#7 C:\xampp\htdocs\web\vendor\codeigniter4\framework\system\CodeIgniter.php(320): CodeIgniter\CodeIgniter->handleRequest(NULL, Object(Config\Cache), false)
#8 C:\xampp\htdocs\web\index.php(37): CodeIgniter\CodeIgniter->run()
#9 {main}
