CRITICAL - 2022-04-23 20:01:59 --> foreach() argument must be of type array|object, null given
#0 C:\xampp\htdocs\web\app\Views\Layout\Dashboard.php(70): CodeIgniter\Debug\Exceptions->errorHandler(2, 'foreach() argum...', 'C:\\xampp\\htdocs...', 70)
#1 C:\xampp\htdocs\web\vendor\codeigniter4\framework\system\View\View.php(210): include('C:\\xampp\\htdocs...')
#2 C:\xampp\htdocs\web\vendor\codeigniter4\framework\system\View\View.php(213): CodeIgniter\View\View->CodeIgniter\View\{closure}()
#3 C:\xampp\htdocs\web\vendor\codeigniter4\framework\system\View\View.php(226): CodeIgniter\View\View->render('Layout/Dashboar...', Array, true)
#4 C:\xampp\htdocs\web\vendor\codeigniter4\framework\system\Common.php(1089): CodeIgniter\View\View->render('Caja/cajas', Array, true)
#5 C:\xampp\htdocs\web\app\Controllers\CajaController.php(57): view('Caja/cajas', Array)
#6 C:\xampp\htdocs\web\vendor\codeigniter4\framework\system\CodeIgniter.php(825): App\Controllers\CajaController->cajas('7')
#7 C:\xampp\htdocs\web\vendor\codeigniter4\framework\system\CodeIgniter.php(412): CodeIgniter\CodeIgniter->runController(Object(App\Controllers\CajaController))
#8 C:\xampp\htdocs\web\vendor\codeigniter4\framework\system\CodeIgniter.php(320): CodeIgniter\CodeIgniter->handleRequest(NULL, Object(Config\Cache), false)
#9 C:\xampp\htdocs\web\index.php(37): CodeIgniter\CodeIgniter->run()
#10 {main}
CRITICAL - 2022-04-23 20:11:27 --> foreach() argument must be of type array|object, null given
#0 C:\xampp\htdocs\web\app\Views\Layout\Dashboard.php(70): CodeIgniter\Debug\Exceptions->errorHandler(2, 'foreach() argum...', 'C:\\xampp\\htdocs...', 70)
#1 C:\xampp\htdocs\web\vendor\codeigniter4\framework\system\View\View.php(210): include('C:\\xampp\\htdocs...')
#2 C:\xampp\htdocs\web\vendor\codeigniter4\framework\system\View\View.php(213): CodeIgniter\View\View->CodeIgniter\View\{closure}()
#3 C:\xampp\htdocs\web\vendor\codeigniter4\framework\system\View\View.php(226): CodeIgniter\View\View->render('Layout/Dashboar...', Array, true)
#4 C:\xampp\htdocs\web\vendor\codeigniter4\framework\system\Common.php(1089): CodeIgniter\View\View->render('Caja/index', Array, true)
#5 C:\xampp\htdocs\web\app\Controllers\CajaController.php(33): view('Caja/index', Array)
#6 C:\xampp\htdocs\web\vendor\codeigniter4\framework\system\CodeIgniter.php(825): App\Controllers\CajaController->index('4')
#7 C:\xampp\htdocs\web\vendor\codeigniter4\framework\system\CodeIgniter.php(412): CodeIgniter\CodeIgniter->runController(Object(App\Controllers\CajaController))
#8 C:\xampp\htdocs\web\vendor\codeigniter4\framework\system\CodeIgniter.php(320): CodeIgniter\CodeIgniter->handleRequest(NULL, Object(Config\Cache), false)
#9 C:\xampp\htdocs\web\index.php(37): CodeIgniter\CodeIgniter->run()
#10 {main}
CRITICAL - 2022-04-23 20:13:02 --> foreach() argument must be of type array|object, null given
#0 C:\xampp\htdocs\web\app\Views\Layout\Dashboard.php(70): CodeIgniter\Debug\Exceptions->errorHandler(2, 'foreach() argum...', 'C:\\xampp\\htdocs...', 70)
#1 C:\xampp\htdocs\web\vendor\codeigniter4\framework\system\View\View.php(210): include('C:\\xampp\\htdocs...')
#2 C:\xampp\htdocs\web\vendor\codeigniter4\framework\system\View\View.php(213): CodeIgniter\View\View->CodeIgniter\View\{closure}()
#3 C:\xampp\htdocs\web\vendor\codeigniter4\framework\system\View\View.php(226): CodeIgniter\View\View->render('Layout/Dashboar...', Array, true)
#4 C:\xampp\htdocs\web\vendor\codeigniter4\framework\system\Common.php(1089): CodeIgniter\View\View->render('Caja/index', Array, true)
#5 C:\xampp\htdocs\web\app\Controllers\CajaController.php(33): view('Caja/index', Array)
#6 C:\xampp\htdocs\web\vendor\codeigniter4\framework\system\CodeIgniter.php(825): App\Controllers\CajaController->index('5')
#7 C:\xampp\htdocs\web\vendor\codeigniter4\framework\system\CodeIgniter.php(412): CodeIgniter\CodeIgniter->runController(Object(App\Controllers\CajaController))
#8 C:\xampp\htdocs\web\vendor\codeigniter4\framework\system\CodeIgniter.php(320): CodeIgniter\CodeIgniter->handleRequest(NULL, Object(Config\Cache), false)
#9 C:\xampp\htdocs\web\index.php(37): CodeIgniter\CodeIgniter->run()
#10 {main}
