CRITICAL - 2022-02-11 15:01:32 --> Undefined property: stdClass::$id_tipocliente
#0 C:\xampp\htdocs\web\app\Views\Caja\cajas.php(69): CodeIgniter\Debug\Exceptions->errorHandler(2, 'Undefined prope...', 'C:\\xampp\\htdocs...', 69)
#1 C:\xampp\htdocs\web\vendor\codeigniter4\framework\system\View\View.php(210): include('C:\\xampp\\htdocs...')
#2 C:\xampp\htdocs\web\vendor\codeigniter4\framework\system\View\View.php(213): CodeIgniter\View\View->CodeIgniter\View\{closure}()
#3 C:\xampp\htdocs\web\vendor\codeigniter4\framework\system\Common.php(1089): CodeIgniter\View\View->render('Caja/cajas', Array, true)
#4 C:\xampp\htdocs\web\app\Controllers\CajaController.php(57): view('Caja/cajas', Array)
#5 C:\xampp\htdocs\web\vendor\codeigniter4\framework\system\CodeIgniter.php(825): App\Controllers\CajaController->cajas('1')
#6 C:\xampp\htdocs\web\vendor\codeigniter4\framework\system\CodeIgniter.php(412): CodeIgniter\CodeIgniter->runController(Object(App\Controllers\CajaController))
#7 C:\xampp\htdocs\web\vendor\codeigniter4\framework\system\CodeIgniter.php(320): CodeIgniter\CodeIgniter->handleRequest(NULL, Object(Config\Cache), false)
#8 C:\xampp\htdocs\web\index.php(37): CodeIgniter\CodeIgniter->run()
#9 {main}
ERROR - 2022-02-11 15:03:08 --> You have an error in your SQL syntax; check the manual that corresponds to your MariaDB server version for the right syntax to use near 'desc' at line 1
CRITICAL - 2022-02-11 15:03:08 --> You have an error in your SQL syntax; check the manual that corresponds to your MariaDB server version for the right syntax to use near 'desc' at line 1
#0 C:\xampp\htdocs\web\vendor\codeigniter4\framework\system\Database\MySQLi\Connection.php(292): mysqli->query('select * from t...', 0)
#1 C:\xampp\htdocs\web\vendor\codeigniter4\framework\system\Database\BaseConnection.php(670): CodeIgniter\Database\MySQLi\Connection->execute('select * from t...')
#2 C:\xampp\htdocs\web\vendor\codeigniter4\framework\system\Database\BaseConnection.php(598): CodeIgniter\Database\BaseConnection->simpleQuery('select * from t...')
#3 C:\xampp\htdocs\web\app\Models\CajaModel.php(5): CodeIgniter\Database\BaseConnection->query('select * from t...')
#4 C:\xampp\htdocs\web\app\Controllers\CajaController.php(44): App\Models\CajaModel->Listar()
#5 C:\xampp\htdocs\web\vendor\codeigniter4\framework\system\CodeIgniter.php(825): App\Controllers\CajaController->cajas('1')
#6 C:\xampp\htdocs\web\vendor\codeigniter4\framework\system\CodeIgniter.php(412): CodeIgniter\CodeIgniter->runController(Object(App\Controllers\CajaController))
#7 C:\xampp\htdocs\web\vendor\codeigniter4\framework\system\CodeIgniter.php(320): CodeIgniter\CodeIgniter->handleRequest(NULL, Object(Config\Cache), false)
#8 C:\xampp\htdocs\web\index.php(37): CodeIgniter\CodeIgniter->run()
#9 {main}
ERROR - 2022-02-11 15:04:03 --> You have an error in your SQL syntax; check the manual that corresponds to your MariaDB server version for the right syntax to use near 'desc' at line 1
ERROR - 2022-02-11 15:04:03 --> You have an error in your SQL syntax; check the manual that corresponds to your MariaDB server version for the right syntax to use near 'desc' at line 1
ERROR - 2022-02-11 15:04:03 --> You have an error in your SQL syntax; check the manual that corresponds to your MariaDB server version for the right syntax to use near 'desc' at line 1
CRITICAL - 2022-02-11 15:04:03 --> You have an error in your SQL syntax; check the manual that corresponds to your MariaDB server version for the right syntax to use near 'desc' at line 1
#0 C:\xampp\htdocs\web\vendor\codeigniter4\framework\system\Database\MySQLi\Connection.php(292): mysqli->query('select * from t...', 0)
#1 C:\xampp\htdocs\web\vendor\codeigniter4\framework\system\Database\BaseConnection.php(670): CodeIgniter\Database\MySQLi\Connection->execute('select * from t...')
#2 C:\xampp\htdocs\web\vendor\codeigniter4\framework\system\Database\BaseConnection.php(598): CodeIgniter\Database\BaseConnection->simpleQuery('select * from t...')
#3 C:\xampp\htdocs\web\app\Models\CajaModel.php(5): CodeIgniter\Database\BaseConnection->query('select * from t...')
#4 C:\xampp\htdocs\web\app\Controllers\CajaController.php(44): App\Models\CajaModel->Listar()
#5 C:\xampp\htdocs\web\vendor\codeigniter4\framework\system\CodeIgniter.php(825): App\Controllers\CajaController->cajas('1')
#6 C:\xampp\htdocs\web\vendor\codeigniter4\framework\system\CodeIgniter.php(412): CodeIgniter\CodeIgniter->runController(Object(App\Controllers\CajaController))
#7 C:\xampp\htdocs\web\vendor\codeigniter4\framework\system\CodeIgniter.php(320): CodeIgniter\CodeIgniter->handleRequest(NULL, Object(Config\Cache), false)
#8 C:\xampp\htdocs\web\index.php(37): CodeIgniter\CodeIgniter->run()
#9 {main}
CRITICAL - 2022-02-11 15:04:03 --> You have an error in your SQL syntax; check the manual that corresponds to your MariaDB server version for the right syntax to use near 'desc' at line 1
#0 C:\xampp\htdocs\web\vendor\codeigniter4\framework\system\Database\MySQLi\Connection.php(292): mysqli->query('select * from t...', 0)
#1 C:\xampp\htdocs\web\vendor\codeigniter4\framework\system\Database\BaseConnection.php(670): CodeIgniter\Database\MySQLi\Connection->execute('select * from t...')
#2 C:\xampp\htdocs\web\vendor\codeigniter4\framework\system\Database\BaseConnection.php(598): CodeIgniter\Database\BaseConnection->simpleQuery('select * from t...')
#3 C:\xampp\htdocs\web\app\Models\CajaModel.php(5): CodeIgniter\Database\BaseConnection->query('select * from t...')
#4 C:\xampp\htdocs\web\app\Controllers\CajaController.php(44): App\Models\CajaModel->Listar()
#5 C:\xampp\htdocs\web\vendor\codeigniter4\framework\system\CodeIgniter.php(825): App\Controllers\CajaController->cajas('1')
#6 C:\xampp\htdocs\web\vendor\codeigniter4\framework\system\CodeIgniter.php(412): CodeIgniter\CodeIgniter->runController(Object(App\Controllers\CajaController))
#7 C:\xampp\htdocs\web\vendor\codeigniter4\framework\system\CodeIgniter.php(320): CodeIgniter\CodeIgniter->handleRequest(NULL, Object(Config\Cache), false)
#8 C:\xampp\htdocs\web\index.php(37): CodeIgniter\CodeIgniter->run()
#9 {main}
CRITICAL - 2022-02-11 15:04:03 --> You have an error in your SQL syntax; check the manual that corresponds to your MariaDB server version for the right syntax to use near 'desc' at line 1
#0 C:\xampp\htdocs\web\vendor\codeigniter4\framework\system\Database\MySQLi\Connection.php(292): mysqli->query('select * from t...', 0)
#1 C:\xampp\htdocs\web\vendor\codeigniter4\framework\system\Database\BaseConnection.php(670): CodeIgniter\Database\MySQLi\Connection->execute('select * from t...')
#2 C:\xampp\htdocs\web\vendor\codeigniter4\framework\system\Database\BaseConnection.php(598): CodeIgniter\Database\BaseConnection->simpleQuery('select * from t...')
#3 C:\xampp\htdocs\web\app\Models\CajaModel.php(5): CodeIgniter\Database\BaseConnection->query('select * from t...')
#4 C:\xampp\htdocs\web\app\Controllers\CajaController.php(44): App\Models\CajaModel->Listar()
#5 C:\xampp\htdocs\web\vendor\codeigniter4\framework\system\CodeIgniter.php(825): App\Controllers\CajaController->cajas('1')
#6 C:\xampp\htdocs\web\vendor\codeigniter4\framework\system\CodeIgniter.php(412): CodeIgniter\CodeIgniter->runController(Object(App\Controllers\CajaController))
#7 C:\xampp\htdocs\web\vendor\codeigniter4\framework\system\CodeIgniter.php(320): CodeIgniter\CodeIgniter->handleRequest(NULL, Object(Config\Cache), false)
#8 C:\xampp\htdocs\web\index.php(37): CodeIgniter\CodeIgniter->run()
#9 {main}
CRITICAL - 2022-02-11 15:05:29 --> Undefined array key 0
#0 C:\xampp\htdocs\web\app\Views\Caja\index.php(2): CodeIgniter\Debug\Exceptions->errorHandler(2, 'Undefined array...', 'C:\\xampp\\htdocs...', 2)
#1 C:\xampp\htdocs\web\vendor\codeigniter4\framework\system\View\View.php(210): include('C:\\xampp\\htdocs...')
#2 C:\xampp\htdocs\web\vendor\codeigniter4\framework\system\View\View.php(213): CodeIgniter\View\View->CodeIgniter\View\{closure}()
#3 C:\xampp\htdocs\web\vendor\codeigniter4\framework\system\Common.php(1089): CodeIgniter\View\View->render('Caja/index', Array, true)
#4 C:\xampp\htdocs\web\app\Controllers\CajaController.php(33): view('Caja/index', Array)
#5 C:\xampp\htdocs\web\vendor\codeigniter4\framework\system\CodeIgniter.php(825): App\Controllers\CajaController->index('23')
#6 C:\xampp\htdocs\web\vendor\codeigniter4\framework\system\CodeIgniter.php(412): CodeIgniter\CodeIgniter->runController(Object(App\Controllers\CajaController))
#7 C:\xampp\htdocs\web\vendor\codeigniter4\framework\system\CodeIgniter.php(320): CodeIgniter\CodeIgniter->handleRequest(NULL, Object(Config\Cache), false)
#8 C:\xampp\htdocs\web\index.php(37): CodeIgniter\CodeIgniter->run()
#9 {main}
ERROR - 2022-02-11 15:10:20 --> Unknown column 'charts.html' in 'where clause'
CRITICAL - 2022-02-11 15:10:20 --> Unknown column 'charts.html' in 'where clause'
#0 C:\xampp\htdocs\web\vendor\codeigniter4\framework\system\Database\MySQLi\Connection.php(292): mysqli->query('select * from t...', 0)
#1 C:\xampp\htdocs\web\vendor\codeigniter4\framework\system\Database\BaseConnection.php(670): CodeIgniter\Database\MySQLi\Connection->execute('select * from t...')
#2 C:\xampp\htdocs\web\vendor\codeigniter4\framework\system\Database\BaseConnection.php(598): CodeIgniter\Database\BaseConnection->simpleQuery('select * from t...')
#3 C:\xampp\htdocs\web\app\Models\TempCajaModel.php(17): CodeIgniter\Database\BaseConnection->query('select * from t...')
#4 C:\xampp\htdocs\web\app\Controllers\CajaController.php(38): App\Models\TempCajaModel->resultado('charts.html')
#5 C:\xampp\htdocs\web\vendor\codeigniter4\framework\system\CodeIgniter.php(825): App\Controllers\CajaController->cajas('charts.html')
#6 C:\xampp\htdocs\web\vendor\codeigniter4\framework\system\CodeIgniter.php(412): CodeIgniter\CodeIgniter->runController(Object(App\Controllers\CajaController))
#7 C:\xampp\htdocs\web\vendor\codeigniter4\framework\system\CodeIgniter.php(320): CodeIgniter\CodeIgniter->handleRequest(NULL, Object(Config\Cache), false)
#8 C:\xampp\htdocs\web\index.php(37): CodeIgniter\CodeIgniter->run()
#9 {main}
ERROR - 2022-02-11 15:10:46 --> Unknown column 'charts.html' in 'where clause'
CRITICAL - 2022-02-11 15:10:46 --> Unknown column 'charts.html' in 'where clause'
#0 C:\xampp\htdocs\web\vendor\codeigniter4\framework\system\Database\MySQLi\Connection.php(292): mysqli->query('select * from t...', 0)
#1 C:\xampp\htdocs\web\vendor\codeigniter4\framework\system\Database\BaseConnection.php(670): CodeIgniter\Database\MySQLi\Connection->execute('select * from t...')
#2 C:\xampp\htdocs\web\vendor\codeigniter4\framework\system\Database\BaseConnection.php(598): CodeIgniter\Database\BaseConnection->simpleQuery('select * from t...')
#3 C:\xampp\htdocs\web\app\Models\TempCajaModel.php(17): CodeIgniter\Database\BaseConnection->query('select * from t...')
#4 C:\xampp\htdocs\web\app\Controllers\CajaController.php(38): App\Models\TempCajaModel->resultado('charts.html')
#5 C:\xampp\htdocs\web\vendor\codeigniter4\framework\system\CodeIgniter.php(825): App\Controllers\CajaController->cajas('charts.html')
#6 C:\xampp\htdocs\web\vendor\codeigniter4\framework\system\CodeIgniter.php(412): CodeIgniter\CodeIgniter->runController(Object(App\Controllers\CajaController))
#7 C:\xampp\htdocs\web\vendor\codeigniter4\framework\system\CodeIgniter.php(320): CodeIgniter\CodeIgniter->handleRequest(NULL, Object(Config\Cache), false)
#8 C:\xampp\htdocs\web\index.php(37): CodeIgniter\CodeIgniter->run()
#9 {main}
ERROR - 2022-02-11 15:23:30 --> Unknown column 'kardex' in 'where clause'
CRITICAL - 2022-02-11 15:23:30 --> Unknown column 'kardex' in 'where clause'
#0 C:\xampp\htdocs\web\vendor\codeigniter4\framework\system\Database\MySQLi\Connection.php(292): mysqli->query('select * from t...', 0)
#1 C:\xampp\htdocs\web\vendor\codeigniter4\framework\system\Database\BaseConnection.php(670): CodeIgniter\Database\MySQLi\Connection->execute('select * from t...')
#2 C:\xampp\htdocs\web\vendor\codeigniter4\framework\system\Database\BaseConnection.php(598): CodeIgniter\Database\BaseConnection->simpleQuery('select * from t...')
#3 C:\xampp\htdocs\web\app\Models\TempCajaModel.php(17): CodeIgniter\Database\BaseConnection->query('select * from t...')
#4 C:\xampp\htdocs\web\app\Controllers\CajaController.php(15): App\Models\TempCajaModel->resultado('kardex')
#5 C:\xampp\htdocs\web\vendor\codeigniter4\framework\system\CodeIgniter.php(825): App\Controllers\CajaController->index('kardex')
#6 C:\xampp\htdocs\web\vendor\codeigniter4\framework\system\CodeIgniter.php(412): CodeIgniter\CodeIgniter->runController(Object(App\Controllers\CajaController))
#7 C:\xampp\htdocs\web\vendor\codeigniter4\framework\system\CodeIgniter.php(320): CodeIgniter\CodeIgniter->handleRequest(NULL, Object(Config\Cache), false)
#8 C:\xampp\htdocs\web\index.php(37): CodeIgniter\CodeIgniter->run()
#9 {main}
ERROR - 2022-02-11 15:24:44 --> Unknown column 'kardex' in 'where clause'
CRITICAL - 2022-02-11 15:24:44 --> Unknown column 'kardex' in 'where clause'
#0 C:\xampp\htdocs\web\vendor\codeigniter4\framework\system\Database\MySQLi\Connection.php(292): mysqli->query('select * from t...', 0)
#1 C:\xampp\htdocs\web\vendor\codeigniter4\framework\system\Database\BaseConnection.php(670): CodeIgniter\Database\MySQLi\Connection->execute('select * from t...')
#2 C:\xampp\htdocs\web\vendor\codeigniter4\framework\system\Database\BaseConnection.php(598): CodeIgniter\Database\BaseConnection->simpleQuery('select * from t...')
#3 C:\xampp\htdocs\web\app\Models\TempCajaModel.php(17): CodeIgniter\Database\BaseConnection->query('select * from t...')
#4 C:\xampp\htdocs\web\app\Controllers\CajaController.php(15): App\Models\TempCajaModel->resultado('kardex')
#5 C:\xampp\htdocs\web\vendor\codeigniter4\framework\system\CodeIgniter.php(825): App\Controllers\CajaController->index('kardex')
#6 C:\xampp\htdocs\web\vendor\codeigniter4\framework\system\CodeIgniter.php(412): CodeIgniter\CodeIgniter->runController(Object(App\Controllers\CajaController))
#7 C:\xampp\htdocs\web\vendor\codeigniter4\framework\system\CodeIgniter.php(320): CodeIgniter\CodeIgniter->handleRequest(NULL, Object(Config\Cache), false)
#8 C:\xampp\htdocs\web\index.php(37): CodeIgniter\CodeIgniter->run()
#9 {main}
ERROR - 2022-02-11 15:24:45 --> Unknown column 'kardex' in 'where clause'
CRITICAL - 2022-02-11 15:24:45 --> Unknown column 'kardex' in 'where clause'
#0 C:\xampp\htdocs\web\vendor\codeigniter4\framework\system\Database\MySQLi\Connection.php(292): mysqli->query('select * from t...', 0)
#1 C:\xampp\htdocs\web\vendor\codeigniter4\framework\system\Database\BaseConnection.php(670): CodeIgniter\Database\MySQLi\Connection->execute('select * from t...')
#2 C:\xampp\htdocs\web\vendor\codeigniter4\framework\system\Database\BaseConnection.php(598): CodeIgniter\Database\BaseConnection->simpleQuery('select * from t...')
#3 C:\xampp\htdocs\web\app\Models\TempCajaModel.php(17): CodeIgniter\Database\BaseConnection->query('select * from t...')
#4 C:\xampp\htdocs\web\app\Controllers\CajaController.php(15): App\Models\TempCajaModel->resultado('kardex')
#5 C:\xampp\htdocs\web\vendor\codeigniter4\framework\system\CodeIgniter.php(825): App\Controllers\CajaController->index('kardex')
#6 C:\xampp\htdocs\web\vendor\codeigniter4\framework\system\CodeIgniter.php(412): CodeIgniter\CodeIgniter->runController(Object(App\Controllers\CajaController))
#7 C:\xampp\htdocs\web\vendor\codeigniter4\framework\system\CodeIgniter.php(320): CodeIgniter\CodeIgniter->handleRequest(NULL, Object(Config\Cache), false)
#8 C:\xampp\htdocs\web\index.php(37): CodeIgniter\CodeIgniter->run()
#9 {main}
ERROR - 2022-02-11 15:25:32 --> Unknown column 'kardex' in 'where clause'
CRITICAL - 2022-02-11 15:25:32 --> Unknown column 'kardex' in 'where clause'
#0 C:\xampp\htdocs\web\vendor\codeigniter4\framework\system\Database\MySQLi\Connection.php(292): mysqli->query('select * from t...', 0)
#1 C:\xampp\htdocs\web\vendor\codeigniter4\framework\system\Database\BaseConnection.php(670): CodeIgniter\Database\MySQLi\Connection->execute('select * from t...')
#2 C:\xampp\htdocs\web\vendor\codeigniter4\framework\system\Database\BaseConnection.php(598): CodeIgniter\Database\BaseConnection->simpleQuery('select * from t...')
#3 C:\xampp\htdocs\web\app\Models\TempCajaModel.php(17): CodeIgniter\Database\BaseConnection->query('select * from t...')
#4 C:\xampp\htdocs\web\app\Controllers\CajaController.php(15): App\Models\TempCajaModel->resultado('kardex')
#5 C:\xampp\htdocs\web\vendor\codeigniter4\framework\system\CodeIgniter.php(825): App\Controllers\CajaController->index('kardex')
#6 C:\xampp\htdocs\web\vendor\codeigniter4\framework\system\CodeIgniter.php(412): CodeIgniter\CodeIgniter->runController(Object(App\Controllers\CajaController))
#7 C:\xampp\htdocs\web\vendor\codeigniter4\framework\system\CodeIgniter.php(320): CodeIgniter\CodeIgniter->handleRequest(NULL, Object(Config\Cache), false)
#8 C:\xampp\htdocs\web\index.php(37): CodeIgniter\CodeIgniter->run()
#9 {main}
ERROR - 2022-02-11 15:25:34 --> Unknown column 'kardex' in 'where clause'
CRITICAL - 2022-02-11 15:25:34 --> Unknown column 'kardex' in 'where clause'
#0 C:\xampp\htdocs\web\vendor\codeigniter4\framework\system\Database\MySQLi\Connection.php(292): mysqli->query('select * from t...', 0)
#1 C:\xampp\htdocs\web\vendor\codeigniter4\framework\system\Database\BaseConnection.php(670): CodeIgniter\Database\MySQLi\Connection->execute('select * from t...')
#2 C:\xampp\htdocs\web\vendor\codeigniter4\framework\system\Database\BaseConnection.php(598): CodeIgniter\Database\BaseConnection->simpleQuery('select * from t...')
#3 C:\xampp\htdocs\web\app\Models\TempCajaModel.php(17): CodeIgniter\Database\BaseConnection->query('select * from t...')
#4 C:\xampp\htdocs\web\app\Controllers\CajaController.php(15): App\Models\TempCajaModel->resultado('kardex')
#5 C:\xampp\htdocs\web\vendor\codeigniter4\framework\system\CodeIgniter.php(825): App\Controllers\CajaController->index('kardex')
#6 C:\xampp\htdocs\web\vendor\codeigniter4\framework\system\CodeIgniter.php(412): CodeIgniter\CodeIgniter->runController(Object(App\Controllers\CajaController))
#7 C:\xampp\htdocs\web\vendor\codeigniter4\framework\system\CodeIgniter.php(320): CodeIgniter\CodeIgniter->handleRequest(NULL, Object(Config\Cache), false)
#8 C:\xampp\htdocs\web\index.php(37): CodeIgniter\CodeIgniter->run()
#9 {main}
ERROR - 2022-02-11 15:26:33 --> Unknown column 'kardex' in 'where clause'
CRITICAL - 2022-02-11 15:26:33 --> Unknown column 'kardex' in 'where clause'
#0 C:\xampp\htdocs\web\vendor\codeigniter4\framework\system\Database\MySQLi\Connection.php(292): mysqli->query('select * from t...', 0)
#1 C:\xampp\htdocs\web\vendor\codeigniter4\framework\system\Database\BaseConnection.php(670): CodeIgniter\Database\MySQLi\Connection->execute('select * from t...')
#2 C:\xampp\htdocs\web\vendor\codeigniter4\framework\system\Database\BaseConnection.php(598): CodeIgniter\Database\BaseConnection->simpleQuery('select * from t...')
#3 C:\xampp\htdocs\web\app\Models\TempCajaModel.php(17): CodeIgniter\Database\BaseConnection->query('select * from t...')
#4 C:\xampp\htdocs\web\app\Controllers\CajaController.php(15): App\Models\TempCajaModel->resultado('kardex')
#5 C:\xampp\htdocs\web\vendor\codeigniter4\framework\system\CodeIgniter.php(825): App\Controllers\CajaController->index('kardex')
#6 C:\xampp\htdocs\web\vendor\codeigniter4\framework\system\CodeIgniter.php(412): CodeIgniter\CodeIgniter->runController(Object(App\Controllers\CajaController))
#7 C:\xampp\htdocs\web\vendor\codeigniter4\framework\system\CodeIgniter.php(320): CodeIgniter\CodeIgniter->handleRequest(NULL, Object(Config\Cache), false)
#8 C:\xampp\htdocs\web\index.php(37): CodeIgniter\CodeIgniter->run()
#9 {main}
ERROR - 2022-02-11 15:27:58 --> Unknown column 'kardex' in 'where clause'
CRITICAL - 2022-02-11 15:27:58 --> Unknown column 'kardex' in 'where clause'
#0 C:\xampp\htdocs\web\vendor\codeigniter4\framework\system\Database\MySQLi\Connection.php(292): mysqli->query('select * from t...', 0)
#1 C:\xampp\htdocs\web\vendor\codeigniter4\framework\system\Database\BaseConnection.php(670): CodeIgniter\Database\MySQLi\Connection->execute('select * from t...')
#2 C:\xampp\htdocs\web\vendor\codeigniter4\framework\system\Database\BaseConnection.php(598): CodeIgniter\Database\BaseConnection->simpleQuery('select * from t...')
#3 C:\xampp\htdocs\web\app\Models\TempCajaModel.php(17): CodeIgniter\Database\BaseConnection->query('select * from t...')
#4 C:\xampp\htdocs\web\app\Controllers\CajaController.php(15): App\Models\TempCajaModel->resultado('kardex')
#5 C:\xampp\htdocs\web\vendor\codeigniter4\framework\system\CodeIgniter.php(825): App\Controllers\CajaController->index('kardex')
#6 C:\xampp\htdocs\web\vendor\codeigniter4\framework\system\CodeIgniter.php(412): CodeIgniter\CodeIgniter->runController(Object(App\Controllers\CajaController))
#7 C:\xampp\htdocs\web\vendor\codeigniter4\framework\system\CodeIgniter.php(320): CodeIgniter\CodeIgniter->handleRequest(NULL, Object(Config\Cache), false)
#8 C:\xampp\htdocs\web\index.php(37): CodeIgniter\CodeIgniter->run()
#9 {main}
ERROR - 2022-02-11 15:28:18 --> Unknown column 'kardex' in 'where clause'
CRITICAL - 2022-02-11 15:28:18 --> Unknown column 'kardex' in 'where clause'
#0 C:\xampp\htdocs\web\vendor\codeigniter4\framework\system\Database\MySQLi\Connection.php(292): mysqli->query('select * from t...', 0)
#1 C:\xampp\htdocs\web\vendor\codeigniter4\framework\system\Database\BaseConnection.php(670): CodeIgniter\Database\MySQLi\Connection->execute('select * from t...')
#2 C:\xampp\htdocs\web\vendor\codeigniter4\framework\system\Database\BaseConnection.php(598): CodeIgniter\Database\BaseConnection->simpleQuery('select * from t...')
#3 C:\xampp\htdocs\web\app\Models\TempCajaModel.php(17): CodeIgniter\Database\BaseConnection->query('select * from t...')
#4 C:\xampp\htdocs\web\app\Controllers\CajaController.php(15): App\Models\TempCajaModel->resultado('kardex')
#5 C:\xampp\htdocs\web\vendor\codeigniter4\framework\system\CodeIgniter.php(825): App\Controllers\CajaController->index('kardex')
#6 C:\xampp\htdocs\web\vendor\codeigniter4\framework\system\CodeIgniter.php(412): CodeIgniter\CodeIgniter->runController(Object(App\Controllers\CajaController))
#7 C:\xampp\htdocs\web\vendor\codeigniter4\framework\system\CodeIgniter.php(320): CodeIgniter\CodeIgniter->handleRequest(NULL, Object(Config\Cache), false)
#8 C:\xampp\htdocs\web\index.php(37): CodeIgniter\CodeIgniter->run()
#9 {main}
ERROR - 2022-02-11 15:28:19 --> Unknown column 'kardex' in 'where clause'
CRITICAL - 2022-02-11 15:28:19 --> Unknown column 'kardex' in 'where clause'
#0 C:\xampp\htdocs\web\vendor\codeigniter4\framework\system\Database\MySQLi\Connection.php(292): mysqli->query('select * from t...', 0)
#1 C:\xampp\htdocs\web\vendor\codeigniter4\framework\system\Database\BaseConnection.php(670): CodeIgniter\Database\MySQLi\Connection->execute('select * from t...')
#2 C:\xampp\htdocs\web\vendor\codeigniter4\framework\system\Database\BaseConnection.php(598): CodeIgniter\Database\BaseConnection->simpleQuery('select * from t...')
#3 C:\xampp\htdocs\web\app\Models\TempCajaModel.php(17): CodeIgniter\Database\BaseConnection->query('select * from t...')
#4 C:\xampp\htdocs\web\app\Controllers\CajaController.php(15): App\Models\TempCajaModel->resultado('kardex')
#5 C:\xampp\htdocs\web\vendor\codeigniter4\framework\system\CodeIgniter.php(825): App\Controllers\CajaController->index('kardex')
#6 C:\xampp\htdocs\web\vendor\codeigniter4\framework\system\CodeIgniter.php(412): CodeIgniter\CodeIgniter->runController(Object(App\Controllers\CajaController))
#7 C:\xampp\htdocs\web\vendor\codeigniter4\framework\system\CodeIgniter.php(320): CodeIgniter\CodeIgniter->handleRequest(NULL, Object(Config\Cache), false)
#8 C:\xampp\htdocs\web\index.php(37): CodeIgniter\CodeIgniter->run()
#9 {main}
CRITICAL - 2022-02-11 16:03:38 --> syntax error, unexpected token ")"
#0 C:\xampp\htdocs\web\vendor\codeigniter4\framework\system\View\View.php(213): CodeIgniter\View\View->CodeIgniter\View\{closure}()
#1 C:\xampp\htdocs\web\vendor\codeigniter4\framework\system\Common.php(1089): CodeIgniter\View\View->render('Caja/kardex', Array, true)
#2 C:\xampp\htdocs\web\app\Controllers\CajaController.php(82): view('Caja/kardex', Array)
#3 C:\xampp\htdocs\web\vendor\codeigniter4\framework\system\CodeIgniter.php(825): App\Controllers\CajaController->kardex()
#4 C:\xampp\htdocs\web\vendor\codeigniter4\framework\system\CodeIgniter.php(412): CodeIgniter\CodeIgniter->runController(Object(App\Controllers\CajaController))
#5 C:\xampp\htdocs\web\vendor\codeigniter4\framework\system\CodeIgniter.php(320): CodeIgniter\CodeIgniter->handleRequest(NULL, Object(Config\Cache), false)
#6 C:\xampp\htdocs\web\index.php(37): CodeIgniter\CodeIgniter->run()
#7 {main}
CRITICAL - 2022-02-11 16:30:06 --> Undefined array key 0
#0 C:\xampp\htdocs\web\app\Views\Caja\index.php(2): CodeIgniter\Debug\Exceptions->errorHandler(2, 'Undefined array...', 'C:\\xampp\\htdocs...', 2)
#1 C:\xampp\htdocs\web\vendor\codeigniter4\framework\system\View\View.php(210): include('C:\\xampp\\htdocs...')
#2 C:\xampp\htdocs\web\vendor\codeigniter4\framework\system\View\View.php(213): CodeIgniter\View\View->CodeIgniter\View\{closure}()
#3 C:\xampp\htdocs\web\vendor\codeigniter4\framework\system\Common.php(1089): CodeIgniter\View\View->render('Caja/index', Array, true)
#4 C:\xampp\htdocs\web\app\Controllers\CajaController.php(33): view('Caja/index', Array)
#5 C:\xampp\htdocs\web\vendor\codeigniter4\framework\system\CodeIgniter.php(825): App\Controllers\CajaController->index('25')
#6 C:\xampp\htdocs\web\vendor\codeigniter4\framework\system\CodeIgniter.php(412): CodeIgniter\CodeIgniter->runController(Object(App\Controllers\CajaController))
#7 C:\xampp\htdocs\web\vendor\codeigniter4\framework\system\CodeIgniter.php(320): CodeIgniter\CodeIgniter->handleRequest(NULL, Object(Config\Cache), false)
#8 C:\xampp\htdocs\web\index.php(37): CodeIgniter\CodeIgniter->run()
#9 {main}
CRITICAL - 2022-02-11 16:30:11 --> Undefined array key 0
#0 C:\xampp\htdocs\web\app\Views\Caja\index.php(2): CodeIgniter\Debug\Exceptions->errorHandler(2, 'Undefined array...', 'C:\\xampp\\htdocs...', 2)
#1 C:\xampp\htdocs\web\vendor\codeigniter4\framework\system\View\View.php(210): include('C:\\xampp\\htdocs...')
#2 C:\xampp\htdocs\web\vendor\codeigniter4\framework\system\View\View.php(213): CodeIgniter\View\View->CodeIgniter\View\{closure}()
#3 C:\xampp\htdocs\web\vendor\codeigniter4\framework\system\Common.php(1089): CodeIgniter\View\View->render('Caja/index', Array, true)
#4 C:\xampp\htdocs\web\app\Controllers\CajaController.php(33): view('Caja/index', Array)
#5 C:\xampp\htdocs\web\vendor\codeigniter4\framework\system\CodeIgniter.php(825): App\Controllers\CajaController->index('25')
#6 C:\xampp\htdocs\web\vendor\codeigniter4\framework\system\CodeIgniter.php(412): CodeIgniter\CodeIgniter->runController(Object(App\Controllers\CajaController))
#7 C:\xampp\htdocs\web\vendor\codeigniter4\framework\system\CodeIgniter.php(320): CodeIgniter\CodeIgniter->handleRequest(NULL, Object(Config\Cache), false)
#8 C:\xampp\htdocs\web\index.php(37): CodeIgniter\CodeIgniter->run()
#9 {main}
CRITICAL - 2022-02-11 18:43:38 --> foreach() argument must be of type array|object, null given
#0 C:\xampp\htdocs\web\app\Views\Layout\Dashboard.php(70): CodeIgniter\Debug\Exceptions->errorHandler(2, 'foreach() argum...', 'C:\\xampp\\htdocs...', 70)
#1 C:\xampp\htdocs\web\vendor\codeigniter4\framework\system\View\View.php(210): include('C:\\xampp\\htdocs...')
#2 C:\xampp\htdocs\web\vendor\codeigniter4\framework\system\View\View.php(213): CodeIgniter\View\View->CodeIgniter\View\{closure}()
#3 C:\xampp\htdocs\web\vendor\codeigniter4\framework\system\View\View.php(226): CodeIgniter\View\View->render('Layout/Dashboar...', Array, true)
#4 C:\xampp\htdocs\web\vendor\codeigniter4\framework\system\Common.php(1089): CodeIgniter\View\View->render('Caja/cajas', Array, true)
#5 C:\xampp\htdocs\web\app\Controllers\CajaController.php(57): view('Caja/cajas', Array)
#6 C:\xampp\htdocs\web\vendor\codeigniter4\framework\system\CodeIgniter.php(825): App\Controllers\CajaController->cajas('7')
#7 C:\xampp\htdocs\web\vendor\codeigniter4\framework\system\CodeIgniter.php(412): CodeIgniter\CodeIgniter->runController(Object(App\Controllers\CajaController))
#8 C:\xampp\htdocs\web\vendor\codeigniter4\framework\system\CodeIgniter.php(320): CodeIgniter\CodeIgniter->handleRequest(NULL, Object(Config\Cache), false)
#9 C:\xampp\htdocs\web\index.php(37): CodeIgniter\CodeIgniter->run()
#10 {main}
CRITICAL - 2022-02-11 18:59:12 --> foreach() argument must be of type array|object, null given
#0 C:\xampp\htdocs\web\app\Views\Layout\Dashboard.php(70): CodeIgniter\Debug\Exceptions->errorHandler(2, 'foreach() argum...', 'C:\\xampp\\htdocs...', 70)
#1 C:\xampp\htdocs\web\vendor\codeigniter4\framework\system\View\View.php(210): include('C:\\xampp\\htdocs...')
#2 C:\xampp\htdocs\web\vendor\codeigniter4\framework\system\View\View.php(213): CodeIgniter\View\View->CodeIgniter\View\{closure}()
#3 C:\xampp\htdocs\web\vendor\codeigniter4\framework\system\View\View.php(226): CodeIgniter\View\View->render('Layout/Dashboar...', Array, true)
#4 C:\xampp\htdocs\web\vendor\codeigniter4\framework\system\Common.php(1089): CodeIgniter\View\View->render('Caja/cajas', Array, true)
#5 C:\xampp\htdocs\web\app\Controllers\CajaController.php(57): view('Caja/cajas', Array)
#6 C:\xampp\htdocs\web\vendor\codeigniter4\framework\system\CodeIgniter.php(825): App\Controllers\CajaController->cajas('7')
#7 C:\xampp\htdocs\web\vendor\codeigniter4\framework\system\CodeIgniter.php(412): CodeIgniter\CodeIgniter->runController(Object(App\Controllers\CajaController))
#8 C:\xampp\htdocs\web\vendor\codeigniter4\framework\system\CodeIgniter.php(320): CodeIgniter\CodeIgniter->handleRequest(NULL, Object(Config\Cache), false)
#9 C:\xampp\htdocs\web\index.php(37): CodeIgniter\CodeIgniter->run()
#10 {main}
CRITICAL - 2022-02-11 18:59:40 --> Undefined array key 0
#0 C:\xampp\htdocs\web\app\Views\Caja\index.php(2): CodeIgniter\Debug\Exceptions->errorHandler(2, 'Undefined array...', 'C:\\xampp\\htdocs...', 2)
#1 C:\xampp\htdocs\web\vendor\codeigniter4\framework\system\View\View.php(210): include('C:\\xampp\\htdocs...')
#2 C:\xampp\htdocs\web\vendor\codeigniter4\framework\system\View\View.php(213): CodeIgniter\View\View->CodeIgniter\View\{closure}()
#3 C:\xampp\htdocs\web\vendor\codeigniter4\framework\system\Common.php(1089): CodeIgniter\View\View->render('Caja/index', Array, true)
#4 C:\xampp\htdocs\web\app\Controllers\CajaController.php(33): view('Caja/index', Array)
#5 C:\xampp\htdocs\web\vendor\codeigniter4\framework\system\CodeIgniter.php(825): App\Controllers\CajaController->index('25')
#6 C:\xampp\htdocs\web\vendor\codeigniter4\framework\system\CodeIgniter.php(412): CodeIgniter\CodeIgniter->runController(Object(App\Controllers\CajaController))
#7 C:\xampp\htdocs\web\vendor\codeigniter4\framework\system\CodeIgniter.php(320): CodeIgniter\CodeIgniter->handleRequest(NULL, Object(Config\Cache), false)
#8 C:\xampp\htdocs\web\index.php(37): CodeIgniter\CodeIgniter->run()
#9 {main}
